[debug] [2024-07-07T22:17:18.412Z] ----------------------------------------------------------------------
[debug] [2024-07-07T22:17:18.413Z] Command:       /usr/local/bin/node /usr/local/bin/firebase deploy
[debug] [2024-07-07T22:17:18.413Z] CLI Version:   13.12.0
[debug] [2024-07-07T22:17:18.414Z] Platform:      darwin
[debug] [2024-07-07T22:17:18.414Z] Node Version:  v20.13.1
[debug] [2024-07-07T22:17:18.414Z] Time:          Mon Jul 08 2024 03:17:18 GMT+0500 (Pakistan Standard Time)
[debug] [2024-07-07T22:17:18.414Z] ----------------------------------------------------------------------
[debug] 
[debug] [2024-07-07T22:17:18.454Z] > command requires scopes: ["email","openid","https://www.googleapis.com/auth/cloudplatformprojects.readonly","https://www.googleapis.com/auth/firebase","https://www.googleapis.com/auth/cloud-platform"]
[debug] [2024-07-07T22:17:18.454Z] > authorizing via signed-in user (msunaam2002@gmail.com)
[debug] [2024-07-07T22:17:18.454Z] [iam] checking project pptgen-3ed61 for permissions ["firebase.projects.get","firebasehosting.sites.update"]
[debug] [2024-07-07T22:17:18.455Z] >>> [apiv2][query] POST https://cloudresourcemanager.googleapis.com/v1/projects/pptgen-3ed61:testIamPermissions [none]
[debug] [2024-07-07T22:17:18.455Z] >>> [apiv2][(partial)header] POST https://cloudresourcemanager.googleapis.com/v1/projects/pptgen-3ed61:testIamPermissions x-goog-quota-user=projects/pptgen-3ed61
[debug] [2024-07-07T22:17:18.455Z] >>> [apiv2][body] POST https://cloudresourcemanager.googleapis.com/v1/projects/pptgen-3ed61:testIamPermissions {"permissions":["firebase.projects.get","firebasehosting.sites.update"]}
[debug] [2024-07-07T22:17:20.204Z] <<< [apiv2][status] POST https://cloudresourcemanager.googleapis.com/v1/projects/pptgen-3ed61:testIamPermissions 200
[debug] [2024-07-07T22:17:20.204Z] <<< [apiv2][body] POST https://cloudresourcemanager.googleapis.com/v1/projects/pptgen-3ed61:testIamPermissions {"permissions":["firebase.projects.get","firebasehosting.sites.update"]}
[debug] [2024-07-07T22:17:20.205Z] >>> [apiv2][query] GET https://firebase.googleapis.com/v1beta1/projects/pptgen-3ed61 [none]
[debug] [2024-07-07T22:17:21.572Z] <<< [apiv2][status] GET https://firebase.googleapis.com/v1beta1/projects/pptgen-3ed61 200
[debug] [2024-07-07T22:17:21.573Z] <<< [apiv2][body] GET https://firebase.googleapis.com/v1beta1/projects/pptgen-3ed61 {"projectId":"pptgen-3ed61","projectNumber":"255321565120","displayName":"PPTGen","name":"projects/pptgen-3ed61","resources":{"hostingSite":"pptgen-3ed61"},"state":"ACTIVE","etag":"1_7f00bdcc-11c9-4a15-b55d-76fda2c40fd9"}
[info] 
[info] === Deploying to 'pptgen-3ed61'...
[info] 
[info] i  deploying hosting 
[debug] [2024-07-07T22:17:21.580Z] >>> [apiv2][query] POST https://firebasehosting.googleapis.com/v1beta1/projects/-/sites/pptgen/versions [none]
[debug] [2024-07-07T22:17:21.580Z] >>> [apiv2][body] POST https://firebasehosting.googleapis.com/v1beta1/projects/-/sites/pptgen/versions {"status":"CREATED","labels":{"deployment-tool":"cli-firebase"}}
[debug] [2024-07-07T22:17:23.139Z] <<< [apiv2][status] POST https://firebasehosting.googleapis.com/v1beta1/projects/-/sites/pptgen/versions 200
[debug] [2024-07-07T22:17:23.139Z] <<< [apiv2][body] POST https://firebasehosting.googleapis.com/v1beta1/projects/-/sites/pptgen/versions {"name":"projects/255321565120/sites/pptgen/versions/e2a91741e85c26b4","status":"CREATED","config":{},"labels":{"deployment-tool":"cli-firebase"}}
[info] i  hosting[pptgen]: beginning deploy... 
[info] i  hosting[pptgen]: found 14 files in build 
[debug] [2024-07-07T22:17:23.150Z] [hosting] uploading with 200 concurrency
[debug] [2024-07-07T22:17:23.279Z] [hosting] hash cache [YnVpbGQ] stored for 14 files
[debug] [2024-07-07T22:17:23.279Z] [hosting][hash queue][FINAL] {"max":125,"min":4,"avg":14,"active":0,"complete":14,"success":14,"errored":0,"retried":0,"total":14,"elapsed":127}
[debug] [2024-07-07T22:17:23.279Z] >>> [apiv2][query] POST https://firebasehosting.googleapis.com/v1beta1/projects/255321565120/sites/pptgen/versions/e2a91741e85c26b4:populateFiles [none]
[debug] [2024-07-07T22:17:23.279Z] >>> [apiv2][body] POST https://firebasehosting.googleapis.com/v1beta1/projects/255321565120/sites/pptgen/versions/e2a91741e85c26b4:populateFiles {"files":{"/robots.txt":"391d14b3c2f8c9143a27a28c7399585142228d4d1bdbe2c87ac946de411fa9a2","/manifest.json":"4e1d3adad9ce7e17c0d13fac197f1c27091906f4ecf3909c9f51247bff345118","/index.html":"6334710bf8bba0687366915ed663a36fa2c0acd07cb1dcb36495bb2f6fec0ee4","/logo512.png":"2356e0b814e58a349935c8de17226873d615d088a867d591fef48a64c80c9a2f","/favicon.ico":"1463be9bedc82e16f9364eec7a1f5152cbe56229401381eed65c1496cb884407","/asset-manifest.json":"e989bf67324610196d18c01bcfb87c1bb0f4bbcd4bdae78685fd505ba8b211da","/static/js/main.ef4ddeb3.js.LICENSE.txt":"c6d83d195e162782a2112fc33213504b0ffa99a16b7d95382c91ff6ded92cbf5","/logo192.png":"f66564670b5bfe49f3f04a5b63107bae60f4a7736f1d3b83aa0115f7acf45150","/static/css/main.846292fb.css.map":"27c0038d62c59d1796fde869804ad9d301e023dc5c6f3327ad96cb0386349a21","/static/js/453.68719219.chunk.js":"8debe045e1d77d257bc7e9ffe80e1fccb7e4c198f2e21ef8dabfec9b87ceaaba","/static/css/main.846292fb.css":"914be0f55ee630da60328d70473d05b5c020f111697aad541945cc1364e187dc","/static/js/453.68719219.chunk.js.map":"cb62d37c464293abfc3eaa54b95ad924fba2987ff086b36c43f6d5eedb361e07","/static/js/main.ef4ddeb3.js":"9013e66dcd52c05ebd0dabe0e0ba7c1989d939fb0ec34679ae7230f0f30ae69a","/static/js/main.ef4ddeb3.js.map":"06e81573db36c2a633f3e368eaf97f8cc85f82cab16a0783f7171fb73f5a625e"}}
